-
-
-
-
-
-
-
-
-
-
-
-
-
-
-
-
-
-
-
-
-
-
-
-
-
-
-
-
-
-
-
-
-
-
-
-
-
-
-
-
-
-
-
-
-
-
-
-
-
-
-
-
-
-
-
-
-
-
-
-
-
-
-
-
-
-
-
-
-
-
-
-
-
-
-
-
-
-
-
-
-
-
-
-
-
-
-
-
-
-
-
-
-
-
-
-
-
-
-
-
-
-
-
-
-
-
-
-
-
-
-
-
-
-
-
-
-
-
-
-
-
-
-
-
-
-
-
-
-
-
-
-
-
-
-
-
-
No path
No path
No path
44 10 66 75 48
No path
No path
2 40 16
60 0 77 45 23 5 45
No path
No path
No path
No path
No path
5 60 48 71 4 38
No path
78 48 56 3 18 61 1 15 38
3 18 61 1 6
No path
No path
43 20 39 21 45 23 67 22 55 9 120
No path
No path
No path
3 80 46 45 23 5 103
No path
No path
41 26 50 10 31 77 45 23 80 113
No path
No path
37 67 22 25 56 3 18 61 1 65
No path
33 41 26 50 10 31 74
36 44 10 31 53 20 39 51 124
No path
No path
No path
No path
11 35 41 26 50 10 66 75 122
25 15 22
No path
34 80 46 45 23 5 60 0 8 113
20 39 35 41 26 50 10 91
No path
27 31 77 11 35 41 93
No path
42 46 45 23 5 60 48 56 86
35 41 26 50 10 66 75 102
22 55 31 77 45 23 5 60 48 71 116
No path
No path
16 49 9 58 21 45 23 55
58 25 15 63 57
12 43 20 39 21 7 4 92
No path
19 70 11 35 41 26 50 10 31 53 20 39 21 7 233
No path
No path
No path
23 67 46 44 26 52
No path
No path
26 50 10 61 43
No path
No path
6 48 56 3 18 61 44
No path
19 70 11 35 41 26 50 10 31 77 45 23 5 180
20 39 35 41 26 50 10 31 118
No path
No path
No path
34 80 46 44 10 31 53 20 39 51 160
No path
25 56 46 44 10 40
No path
No path
32 66 75 70 11 35 41 26 50 10 31 77 45 23 201
No path
No path
No path
78 65 47 46
No path
53 20 39 21 45 23 67 22 109
No path
No path
27 31 77 45 23 67 22 50 70 82
35 41 26 50 10 61 89
No path
13 22 55 31 77 45 23 5 60 0 88
No path
No path
58 21 7 18
No path
No path
No path
No path
60 0
No path
No path
No path
No path
41 26 50 10 31 77 45 23 5 60 110
No path
33 41 26 50 10 31 77 45 23 67 104
No path
9 58 21 7 28
No path
No path
No path
No path
37 67 22 55 48
No path
50 10 31 77 45 23 67 22 55 9 58 72 52 151
No path
No path
No path
73 31 77 45 23 80 64
78 48 56 3 30 28
31 77 45 23 5 60 48 56 3 30 67
No path
No path
No path
60 0 77 45 23 67 22 55 9 43 20 39 51 123
32 66 75 70 54
11 35 41 26 50 10 31 77 45 23 5 60 48 56 3 30 182
10 31 77 45 23 5 60 48 80
No path
No path
41 26 50 10 66 55
No path
No path
No path
No path
No path
No path
No path
No path
11 0
3 80 46 44 44
No path
No path
62 77 45 23 5 60 48 56 3 30 74
0 77 45 23 67 22 25 15 63 95
37 67 22 50 70 11 35 41 113
No path
10 31 77 45 23 5 60 48 80
31 77 45 23 67 22 25 15 63 92
No path
No path
No path
No path
11 35 41 26 50 10 31 77 45 23 67 22 55 9 58 72 52 234
No path
80 46 44 10 45
2 40 52 26 50 10 31 77 45 23 5 60 0 135
40 52 26 50 70 11 62
43 20 39 21 50
No path
No path
35 41 26 50 10 31 77 45 23 67 125
No path
50 10 66 75 39
27 31 77 11 35 41 93
73 31 77 45 23 67 22 50 10 80
71 50 10 31 77 45 23 67 22 55 9 58 72 52 172
No path
No path
62 49 28
42 46 44 10 61 47
75 70 11 35 41 26 50 10 31 77 45 23 5 60 200
No path
71 50 10 31 53 20 39 116
56 46 45 23 5 60 48 84
33 41 26 50 10 66 75 81
No path
78 48 56 46 44 26 43
33 18 61 1 15 63 49
No path
24 14 28 17
5 60 48 56 3 30 27
No path
40 52 26 50 10 31 77 45 23 67 22 55 9 58 154
No path
26 50 10 31 77 45 23 67 22 25 100
No path
No path
55 9 58 25 56 46 44 10 74
5 60 48 56 46 22
No path
No path
26 50 70 26
No path
No path
70 11 12
No path
No path
No path
75 70 11 35 41 26 50 10 31 77 45 23 67 22 55 9 58 72 254
54 25 56 36 31
32 66 75 70 11 35 41 26 50 10 31 77 45 23 67 22 55 9 58 72 279
No path
21 45 23 5 60 48 52
46 44 26 20
13 22 25 56 26
0 77 45 23 5 43
48 56 46 44 26 29
75 70 11 35 41 26 50 10 61 1 65 176
20 39 21 45 23 67 22 25 15 63 133
54 62 49 9 53
No path
20 39 51 23
24 14 71 36 44 48
No path
No path
No path
63 0
54 62 49 9 43 20 77
46 45 23 5 60 48 56 36 89
62 77 45 23 67 22 50 10 66 75 104
No path
No path
No path
44 10 31 77 45 23 67 22 55 9 43 128
No path
53 20 39 21 45 23 67 97
No path
No path
53 20 39 21 45 23 67 22 55 130
No path
31 53 20 39 21 7 93
No path
5 60 48 56 3 80 37
33 41 26 50 10 31 53 20 39 51 146
35 41 26 50 10 61 1 15 98
45 23 67 22 25 15 63 88
77 45 1
41 26 50 10 31 53 20 115
56 46 44 10 31 53 20 102
No path
54 77 11 35 63
No path
44 10 31 77 45 23 67 22 83
No path
78 48 56 3 30 28
No path
No path
41 26 50 10 31 77 45 23 67 22 55 9 58 147
32 66 75 25
No path
25 56 46 45 23 67 22 55 9 116
No path
54 25 56 46 44 26 48
41 26 50 10 31 77 45 70
No path
13 22 50 70 11 35 60
10 61 1 15 63 49
No path
No path
5 60 48 56 3 18 25
27 69 6 48 56 3 18 61 83
No path
77 45 23 67 22 39
No path
No path
31 77 45 23 5 60 48 71 4 57 102
No path
No path
No path
No path
14 71 25 56 3 30 41
No path
No path
No path
55 9 43 20 32
67 22 25 56 3 18 45
No path
No path
55 9 43 24
No path
0 77 45 23 67 22 55 9 43 20 39 112
64 46 44 10 61 1 65 47 98
No path
19 70 11 35 41 26 50 10 61 1 65 47 187
52 26 50 10 31 53 20 114
No path
No path
No path
73 31 77 45 23 5 60 48 71 4 57 119
63 0
No path
No path
No path
73 31 77 45 23 67 22 55 9 58 72 115
13 78 65 35
No path
23 5 60 0 77 32
No path
No path
75 70 11 35 41 26 50 10 31 77 45 23 67 46 208
67 22 25 15 43
64 46 45 23 67 22 55 9 58 72 52 148
No path
No path
2 40 52 26 50 10 61 1 65 47 136
20 39 35 41 26 50 10 31 118
No path
No path
6 48 56 46 45 23 67 92
24 14 71 50 70 11 35 76
No path
No path
No path
No path
No path
No path
64 46 45 23 67 22 55 9 58 72 127
No path
33 41 26 50 10 31 77 45 23 5 60 0 120
No path
48 71 24
2 40 52 26 50 10 31 77 45 23 80 136
27 31 77 18
32 66 75 70 11 35 41 26 50 149
64 46 45 23 67 22 55 9 58 72 127
No path
No path
No path
No path
25 56 46 44 10 66 75 74
No path
39 21 45 23 5 60 48 80
41 26 50 10 31 77 45 23 67 22 55 129
No path
56 3 80 65 47 62
45 23 67 22 55 9 43 20 39 105
38 16 49 9 58 25 15 63 94
38 0 6
60 0 77 45 23 5 45
50 10 31 77 45 23 67 22 55 9 43 119
No path
No path
10 31 77 45 23 67 22 55 9 58 72 125
38 16 49 9 43 43
No path
53 20 39 35 41 26 50 10 66 75 74 153
No path
No path
No path
No path
No path
0 77 45 23 67 22 50 10 66 75 74 102
No path
No path
75 70 11 35 41 26 50 10 31 77 45 23 5 60 200
2 40 52 26 50 10 31 77 45 23 5 60 48 71 166
66 75 70 11 35 41 26 50 10 31 77 45 23 5 60 48 56 3 30 241
No path
22 55 9 58 21 7 4 73
71 25 56 46 35
2 40 52 26 50 10 31 77 45 23 67 22 55 9 43 176
No path
No path
41 26 50 10 31 77 45 23 67 22 55 9 58 147
5 60 0 77 45 23 67 22 55 9 58 90
35 41 29
39 21 45 23 67 22 55 9 58 72 52 146
No path
25 56 46 45 49
No path
40 52 26 50 10 31 77 76
No path
27 31 77 45 23 5 60 0 8 62
54 25 80 65 40
No path
46 0
38 16 49 9 58 21 53
No path
69 6 48 56 44
22 50 10 66 75 74 57
No path
50 10 31 53 20 39 21 7 125
44 10 31 77 45 23 5 60 48 71 4 119
27 31 77 45 23 5 55
No path
41 26 50 10 31 77 45 23 67 22 25 117
No path
67 46 45 50
27 69 6 48 56 70
45 23 67 22 55 59
35 41 26 50 10 68
21 45 23 5 60 0 8 46
31 77 45 23 5 60 48 56 36 65
No path
27 31 77 45 23 67 22 50 10 66 75 112
No path
No path
2 40 52 26 50 10 61 1 65 47 136
No path
No path
No path
No path
No path
33 41 26 50 10 31 77 45 23 67 22 55 9 145
No path
64 46 45 23 5 60 48 56 84
23 67 22 55 9 43 20 75
64 46 45 23 5 60 48 71 106
No path
9 58 25 56 3 18 50
No path
13 22 50 19
No path
No path
No path
24 14 31 42
No path
19 70 11 35 41 26 50 10 61 1 65 47 187
No path
56 46 44 26 50 70 53
0 77 45 23 67 22 55 9 43 20 39 112
No path
76 9 58 25 56 3 18 61 62
No path
No path
21 45 23 80 46
No path
50 10 31 32
No path
53 20 39 21 7 4 65 47 116
No path
No path
No path
53 20 39 21 45 23 5 60 0 113
No path
No path
3 80 46 44 10 31 53 20 39 51 157
No path
No path
No path
No path
64 46 44 10 31 77 54
No path
No path
No path
No path
No path
80 46 45 23 5 60 94
No path
60 48 71 4 57 58
32 66 7
No path
37 67 22 25 36
No path
2 40 52 26 50 10 31 77 45 23 5 60 0 135
3 80 46 44 26 50 70 11 35 117
No path
No path
No path
53 20 39 21 68
No path
No path
No path
48 56 46 44 10 31 53 78
16 49 9 43 26
No path
No path
34 80 46 44 10 66 77
19 70 11 35 41 26 50 10 31 77 45 23 5 60 48 56 3 18 205
No path
No path
No path
25 56 46 45 23 67 22 55 108
No path
64 46 44 26 50 70 11 35 41 112
16 49 9 43 8 34
No path
77 45 23 5 60 48 56 36 62
58 21 45 23 5 60 59
24 14 31 77 45 23 67 22 55 9 113
No path
73 31 77 45 23 67 22 55 9 58 72 52 136
No path
53 20 39 21 45 23 5 60 48 56 3 18 132
44 10 31 77 45 23 5 60 48 71 4 57 143
No path
No path
5 60 0 77 11 35 41 87
54 62 49 9 58 63
37 0
34 80 46 44 10 31 53 111
No path
No path
No path
No path
37 67 22 25 56 3 18 61 63
21 45 23 5 60 48 56 3 30 66
48 71 4 25
56 46 44 10 31 53 20 102
22 25 56 36 33
No path
No path
77 45 23 67 22 55 60
70 11 35 41 26 50 10 66 116
48 56 46 44 26 29
22 25 56 3 18 61 1 38
14 71 25 56 3 38
No path
No path
No path
No path
No path
No path
58 21 39 28
No path
10 31 77 45 23 5 60 48 56 3 30 94
12 43 20 39 21 45 23 5 60 117
No path
No path
9 58 25 56 3 18 50
25 56 46 44 10 31 67
19 70 11 35 41 26 50 10 31 77 45 23 67 22 55 203
No path
23 5 60 48 33
No path
2 40 52 26 50 10 62
No path
64 46 44 26 50 70 11 35 83
No path
9 58 21 7 4 65 47
40 52 26 50 70 11 35 82
No path
No path
11 35 41 26 50 10 61 1 65 135
23 5 60 48 56 36 45
No path
No path
39 21 53 43
No path
20 39 21 7 4 57 84
No path
67 46 45 23 5 86
6 48 56 46 44 10 66 73
56 46 44 10 31 53 76
26 50 10 66 38
53 20 39 21 45 23 5 60 48 56 3 18 61 1 137
No path
69 6 48 56 46 44 10 31 53 20 39 51 169
43 20 39 21 45 23 67 22 25 15 122
No path
No path
66 75 70 11 35 41 26 50 10 31 53 197
No path
No path
No path
0 77 45 23 67 22 55 66
No path
No path
No path
No path
36 44 10 31 77 45 23 5 60 48 56 3 116
No path
22 25 56 3 18 33
59 18 61 1 28
33 41 26 50 10 31 77 45 78
3 0
No path
56 46 45 23 67 22 55 9 102
No path
49 9 43 20 39 51 52
80 65 13
25 56 46 44 26 50 70 11 35 99
67 22 55 9 58 21 7 4 85
12 43 20 39 35 41 26 50 70 127
55 9 43 24
No path
No path
3 80 46 44 10 31 53 20 134
No path
21 45 23 67 22 50 57
No path
69 6 48 56 46 44 10 66 75 104
45 23 5 60 48 56 3 18 61 64
19 70 11 35 41 26 50 10 66 75 74 149
78 48 71 4 39
No path
69 6 48 71 4 67
No path
24 14 31 77 45 23 5 60 86
No path
22 25 15 31
25 56 46 44 10 31 53 20 116
No path
No path
No path
No path
54 77 45 23 5 60 48 71 91
77 45 23 5 60 48 56 3 18 62
No path
No path
No path
No path
No path
No path
No path
64 46 44 10 31 77 54
43 20 39 21 45 23 67 22 25 100
32 66 75 70 11 35 41 26 50 10 31 77 45 23 5 60 48 71 4 57 283
No path
No path
6 48 56 46 44 10 57
16 49 9 58 21 45 23 5 60 79
No path
No path
No path
No path
No path
56 46 45 23 67 22 55 9 58 72 129
73 31 77 45 23 67 22 55 9 58 72 115
No path
19 70 11 35 41 26 50 10 31 77 45 23 5 60 48 56 195
No path
0 77 45 23 67 22 50 10 66
54 25 56 46 44 26 50 70 74
No path
No path
No path
No path
No path
26 50 10 31 77 45 23 67 46 44 106
No path
76 9 58 21 35
41 26 50 10 31 77 45 23 67 22 55 9 58 72 52 185
No path
No path
No path
No path
10 61 21
67 22 25 80 41
50 10 31 77 45 23 5 60 48 71 4 110
No path
45 23 5 36
No path
45 23 67 22 55 9 43 20 39 105
No path
19 70 11 35 41 26 50 10 31 77 45 23 67 22 55 9 58 72 238
No path
No path
No path
43 20 39 21 45 23 5 60 93
78 48 71 50 70 11 35 41 129
73 31 77 45 23 67 22 55 9 58 98
No path
No path
No path
40 52 26 50 10 31 73
44 10 31 77 45 23 5 60 48 71 4 119
53 20 39 21 45 23 5 60 48 56 3 131
No path
43 20 39 21 45 23 5 60 48 56 3 113
No path
76 9 58 25 56 46 44 10 66 75 74 111
No path
No path
16 49 9 58 25 56 46 57
No path
22 25 56 3 18 61 1 38
6 48 56 31
19 70 11 35 41 26 50 10 61 134
75 70 11 35 41 26 50 10 31 53 179
No path
No path
No path
19 70 11 35 41 26 50 10 31 77 45 23 67 22 55 9 58 221
No path
61 1 65 26
No path
58 72 52 26 50 70 80
31 77 3
No path
58 21 39 35 11 61
77 45 23 5 60 0 43
No path
56 3 80 65 47 62
No path
20 39 51 23
No path
50 10 31 77 45 23 67 22 55 9 103
No path
No path
No path
58 21 45 23 5 60 59
71 50 70 11 35 62
50 10 31 77 45 23 67 22 74
No path
21 45 23 67 22 25 50
No path
25 56 46 44 26 41
No path
9 58 21 45 23 67 55
No path
No path
No path
No path
27 69 6 48 56 3 18 61 1 85
No path
No path
No path
73 31 77 45 23 67 22 50 10 66 75 74 116
No path
62 49 28
No path
No path
No path
No path
No path
No path
No path
No path
2 40 52 26 50 10 31 77 45 23 80 136
No path
No path
19 70 11 35 41 26 50 10 31 77 45 23 5 60 48 56 36 205
No path
No path
No path
52 26 50 10 31 77 45 23 5 60 48 56 3 18 130
22 50 70 25
60 0
No path
26 50 10 31 53 20 98
No path
49 9 58 72 52 26 50 86
No path
33 41 26 50 70 51
No path
No path
No path
35 41 26 50 10 31 77 45 23 67 22 55 9 58 72 193
49 9 58 21 7 4 65 52
10 31 53 20 39 51 99
No path
69 6 48 56 46 44 10 66 86
No path
45 23 67 65 47 69
