-
-
165 16
empty
empty
empty
empty
empty
empty
empty
-
121 6
-
75 27
-
176 25
empty
-
-
-
120 15
-
-
144 15
-
103 16
195 26
40 36
183 46
-
-
106 36
-
-
118 7
137 37
-
155 43
133 48
empty
-
73 7
empty
empty
-
168 43
-
-
118 1
-
136 0
-
186 12
-
-
62 17
-
-
-
191 6
121 18
-
-
-
-
139 9
6 11
190 30
-
116 35
-
63 15
90 35
68 43
43 46
-
87 46
17 49
-
43 40
empty
empty
empty
-
126 36
-
-
-
115 22
59 23
64 26
-
32 18
empty
empty
empty
-
135 7
empty
empty
-
152 10
empty
empty
-
180 10
empty
empty
-
-
115 27
113 48
empty
empty
empty
-
-
-
109 14
4 26
-
105 15
-
99 8
-
30 27
116 30
empty
empty
empty
-
197 42
empty
empty
empty
-
-
-
166 5
-
-
81 10
138 26
162 26
-
160 25
empty
empty
empty
-
190 25
empty
empty
-
-
56 23
-
45 42
-
165 19
-
47 18
30 46
empty
empty
empty
-
56 33
-
29 42
-
-
127 15
198 31
-
-
182 16
29 41
empty
empty
empty
empty
-
-
60 10
empty
-
-
-
60 0
52 12
-
-
-
125 6
-
-
138 22
-
104 6
198 25
197 27
97 40
-
-
56 14
110 21
37 41
-
45 49
-
-
117 17
167 46
empty
empty
-
160 3
-
44 32
empty
-
-
-
-
74 25
7 25
13 33
-
51 3
126 36
-
36 6
-
-
49 20
-
-
133 6
5 15
-
48 4
-
-
-
-
105 22
123 37
-
-
-
155 26
-
-
61 18
100 30
5 31
59 40
-
127 41
175 44
176 45
37 47
empty
empty
-
164 19
empty
empty
empty
-
26 14
empty
empty
-
126 39
-
-
-
92 12
-
132 28
-
178 29
-
-
34 20
144 31
199 33
93 49
-
71 32
empty
-
153 48
-
-
-
-
48 16
-
-
160 26
58 29
-
-
83 11
-
-
-
-
41 5
-
138 12
-
-
1 14
-
65 17
7 19
142 22
-
45 22
-
-
168 2
21 26
103 27
95 36
72 41
-
2 28
-
-
141 20
20 36
4 43
30 46
empty
empty
-
11 23
empty
-
138 26
empty
-
88 20
empty
empty
-
10 41
empty
empty
empty
-
-
120 26
90 31
empty
empty
empty
empty
empty
empty
-
-
97 8
-
-
87 10
78 21
-
-
-
-
-
92 0
-
-
-
185 4
-
48 7
14 27
46 28
119 37
-
0 41
157 42
-
-
-
0 21
-
36 32
114 34
-
-
178 3
-
-
87 2
151 20
-
197 32
109 34
-
21 6
148 44
188 46
-
125 36
134 47
empty
empty
empty
empty
-
-
112 21
148 33
-
103 1
empty
empty
empty
empty
empty
empty
empty
-
16 9
-
199 6
-
-
25 42
61 45
empty
empty
-
-
189 10
-
-
153 10
11 18
58 43
empty
empty
empty
-
160 49
empty
-
40 10
-
76 26
-
-
-
-
-
-
104 4
9 5
110 27
-
48 22
-
-
142 20
175 29
23 41
80 43
-
22 8
empty
empty
empty
empty
-
-
-
-
21 2
164 34
-
-
69 13
-
166 35
-
140 26
43 37
120 39
-
93 44
48 48
-
66 24
empty
empty
-
61 46
empty
empty
-
-
142 5
-
60 11
43 32
empty
-
101 6
empty
-
34 30
empty
empty
-
-
172 15
-
109 38
188 44
-
-
-
133 9
56 26
-
-
-
123 18
112 29
58 35
62 44
empty
empty
empty
empty
empty
empty
-
146 15
empty
-
63 47
-
-
158 27
75 45
empty
-
55 43
empty
-
-
-
164 17
79 30
37 32
empty
-
-
19 8
81 37
-
18 49
-
141 4
empty
empty
empty
empty
-
80 24
empty
empty
empty
empty
empty
-
68 38
empty
empty
empty
empty
empty
-
-
-
-
177 18
57 30
-
125 30
-
-
84 30
139 30
-
146 29
13 34
-
76 34
65 36
empty
empty
empty
-
29 12
-
101 32
empty
-
46 15
-
79 9
empty
empty
empty
empty
empty
empty
empty
empty
empty
-
-
-
11 29
-
98 28
150 35
156 43
-
-
85 11
87 33
empty
-
-
10 45
130 47
empty
empty
empty
-
161 23
-
-
-
-
-
-
-
27 3
138 6
-
-
137 6
-
34 6
-
177 1
16 14
-
-
-
93 9
65 18
72 18
-
21 22
77 22
26 37
-
126 6
-
114 44
55 48
-
-
-
-
-
90 24
14 26
188 27
-
-
138 31
163 37
6 43
123 46
-
-
132 42
28 43
-
-
60 24
-
114 41
-
70 1
92 44
empty
-
35 25
empty
empty
empty
-
-
181 24
28 25
empty
empty
-
7 24
empty
-
45 28
-
-
146 19
127 39
empty
empty
empty
empty
empty
empty
empty
-
159 26
empty
empty
empty
empty
empty
empty
empty
empty
empty
-
98 9
empty
-
-
112 30
72 34
-
-
-
-
-
-
147 4
31 10
51 11
156 20
188 26
41 45
empty
empty
empty
empty
empty
empty
-
-
126 2
141 21
-
159 8
empty
-
191 32
-
160 37
empty
-
-
-
144 12
136 34
-
165 22
177 48
empty
-
86 29
empty
-
85 37
-
194 18
empty
-
-
-
100 3
-
19 37
97 37
16 40
-
137 19
empty
empty
empty
-
-
15 8
78 17
-
68 18
-
-
-
47 2
145 6
-
39 11
168 28
empty
empty
empty
-
99 40
-
74 45
empty
empty
empty
empty
empty
empty
empty
-
85 2
-
61 8
-
-
20 1
-
102 0
187 30
-
93 34
empty
empty
-
135 16
empty
empty
empty
empty
-
20 11
empty
-
142 49
empty
-
-
-
23 0
173 11
146 28
empty
empty
empty
empty
-
-
141 12
-
-
-
-
-
-
18 6
14 34
-
127 29
177 35
68 37
162 38
-
112 38
185 48
71 48
empty
empty
-
96 11
-
-
133 6
156 36
empty
empty
-
101 6
empty
-
134 29
-
179 49
empty
-
-
-
184 26
-
36 19
91 27
78 47
-
-
169 39
192 45
-
98 18
empty
empty
-
37 42
empty
empty
-
-
-
-
50 5
151 9
-
38 3
-
-
191 19
118 39
4 41
-
-
99 11
60 16
92 49
empty
empty
empty
empty
empty
empty
empty
empty
-
-
-
-
-
107 4
103 6
79 13
139 40
-
30 33
-
-
-
44 19
31 37
183 42
34 43
empty
empty
empty
empty
-
78 38
-
-
101 24
115 42
-
-
-
-
-
172 6
62 13
27 28
-
170 29
-
101 0
108 31
92 41
-
45 3
-
119 30
empty
empty
empty
-
176 6
empty
-
130 17
empty
-
-
-
-
82 5
120 6
77 40
empty
empty
-
54 47
empty
empty
empty
empty
empty
-
-
124 6
-
164 20
-
193 25
71 34
-
92 47
-
197 4
empty
empty
-
57 17
-
96 23
-
185 2
empty
-
19 44
empty
empty
empty
empty
-
64 42
empty
-
-
20 4
-
25 16
-
-
41 6
92 16
-
186 35
176 40
empty
-
-
83 3
77 28
-
-
-
174 21
27 28
-
12 8
87 41
empty
-
10 14
empty
empty
-
83 42
-
-
-
-
101 3
185 7
-
193 10
-
144 4
21 43
133 44
-
1 4
empty
-
-
139 14
183 22
-
-
188 14
-
-
103 6
-
135 29
-
-
65 31
10 40
15 44
-
-
-
64 27
-
148 32
130 34
66 36
-
162 34
-
80 46
198 47
empty
empty
-
-
193 6
-
23 11
-
115 19
199 27
empty
empty
empty
-
-
96 2
-
-
13 1
194 5
149 32
-
132 43
empty
-
-
121 6
48 14
empty
-
136 38
empty
-
77 24
empty
-
-
8 19
-
-
-
39 2
100 35
-
7 7
31 40
36 45
empty
-
-
118 6
-
122 31
142 36
-
-
7 17
-
-
61 10
-
10 33
103 42
187 43
empty
empty
-
96 15
-
199 45
-
28 24
empty
empty
-
-
58 22
4 34
empty
-
-
-
26 7
130 18
106 43
-
17 22
-
188 6
empty
-
-
96 20
189 29
-
18 21
empty
empty
-
49 30
empty
empty
-
49 17
empty
-
-
125 6
57 45
-
34 29
-
72 11
empty
-
123 30
empty
empty
-
141 11
empty
empty
-
-
55 5
128 29
empty
-
114 26
empty
empty
-
93 20
empty
empty
empty
empty
-
-
-
81 3
59 21
-
-
148 28
19 29
-
-
70 9
-
147 6
103 37
89 40
empty
-
79 38
empty
empty
empty
empty
empty
empty
empty
empty
empty
-
26 21
empty
empty
-
21 9
empty
-
51 20
empty
empty
empty
empty
empty
empty
empty
empty
-
-
-
120 10
-
-
140 20
6 34
45 45
138 46
empty
empty
empty
-
-
122 13
120 27
empty
empty
-
74 24
empty
empty
-
-
-
-
-
-
25 4
30 5
120 7
88 39
168 40
-
-
191 9
34 24
101 44
empty
empty
empty
empty
empty
-
63 44
-
85 48
empty
empty
-
88 1
-
-
108 44
-
89 35
174 45
empty
empty
empty
empty
-
-
90 6
187 48
-
186 47
empty
-
17 39
-
188 45
-
195 16
-
52 34
-
6 23
empty
empty
empty
-
95 15
empty
-
-
46 26
156 49
-
168 10
empty
empty
empty
empty
empty
-
135 30
-
-
98 22
158 39
-
-
187 18
28 44
-
51 31
empty
-
189 5
empty
empty
empty
empty
empty
-
110 4
empty
-
179 9
empty
-
-
57 33
36 49
empty
empty
-
-
-
50 4
142 7
-
109 35
-
103 16
-
-
-
54 13
131 35
59 43
196 47
empty
-
22 0
-
-
22 9
-
167 11
96 26
-
16 24
empty
empty
-
-
121 2
158 19
-
45 29
empty
empty
-
-
-
-
192 15
5 15
59 19
-
-
159 15
-
46 19
-
-
0 20
-
19 30
-
-
-
166 1
-
-
-
160 21
168 23
83 26
191 30
-
-
-
94 9
35 36
193 37
151 38
-
-
132 9
-
132 3
15 39
67 43
196 46
-
62 6
empty
empty
-
98 14
-
91 19
-
-
149 2
-
-
-
152 22
-
128 31
-
-
150 9
129 35
10 38
-
183 43
147 45
empty
empty
empty
-
-
-
48 6
91 21
62 29
empty
empty
empty
empty
empty
empty
empty
empty
-
138 24
-
33 13
-
-
167 6
104 49
empty
-
-
62 5
-
-
-
175 6
-
-
-
-
153 7
11 10
185 16
-
-
25 5
-
-
191 9
43 37
26 42
169 43
147 45
152 49
-
72 34
-
168 38
-
-
3 23
-
177 29
190 43
empty
-
-
163 1
-
1 21
25 33
empty
-
-
147 20
75 37
empty
empty
empty
-
116 14
empty
empty
-
-
127 32
151 47
empty
-
-
72 23
-
154 11
136 39
empty
empty
-
-
115 28
-
-
164 29
57 48
131 48
empty
-
-
68 18
118 34
-
35 29
-
-
-
92 2
-
-
-
26 1
-
77 25
97 33
190 39
10 44
153 45
-
10 45
empty
empty
empty
-
-
55 45
190 46
empty
empty
-
-
166 20
112 30
-
-
-
185 2
135 17
189 39
-
189 9
-
195 3
-
-
169 44
173 48
-
-
-
-
12 22
51 29
-
62 8
21 42
142 49
empty
-
111 1
empty
empty
-
169 16
empty
-
107 12
-
-
177 39
130 40
empty
empty
empty
-
115 14
-
-
-
139 3
80 44
120 47
empty
empty
-
-
-
65 8
155 32
-
-
77 20
-
-
-
71 12
10 13
169 24
199 41
61 48
empty
empty
empty
empty
-
-
-
-
-
-
-
6 4
169 12
135 13
186 33
4 40
42 42
empty
empty
-
56 30
-
174 26
empty
-
195 20
empty
empty
-
143 44
empty
-
-
94 35
196 40
empty
empty
empty
-
178 6
empty
empty
-
-
191 24
47 37
-
92 21
empty
empty
empty
-
-
33 40
57 46
-
-
146 33
119 49
-
-
32 38
-
-
171 24
-
-
-
123 0
-
39 4
-
-
-
-
41 2
22 12
36 17
181 19
6 25
-
173 12
119 35
151 39
-
64 32
-
-
-
176 8
-
190 9
26 10
143 40
64 46
-
-
54 20
-
171 40
113 46
empty
-
83 49
-
70 7
empty
-
21 28
empty
empty
empty
empty
-
193 8
empty
empty
empty
-
-
49 3
81 9
empty
-
10 44
empty
empty
-
93 27
-
8 40
empty
-
-
-
176 13
145 28
-
-
13 10
37 30
180 44
empty
empty
-
-
-
156 2
154 33
empty
empty
-
-
161 23
147 32
-
100 34
empty
-
-
47 7
-
38 15
-
169 30
-
-
-
128 31
158 35
121 36
45 47
-
44 22
empty
empty
empty
-
-
129 3
-
12 12
-
25 18
107 44
empty
empty
empty
empty
empty
empty
-
112 4
-
186 39
-
189 1
-
129 35
empty
empty
-
123 35
empty
-
-
-
-
148 7
33 17
-
15 9
29 33
-
-
-
-
82 3
40 15
-
-
124 15
135 19
176 34
23 38
53 38
-
-
-
20 18
85 27
167 45
-
139 42
empty
-
36 42
empty
empty
empty
-
-
-
-
-
66 9
131 14
118 30
173 30
164 33
-
28 13
-
24 40
empty
empty
empty
empty
empty
-
-
101 2
-
-
-
21 5
-
-
42 6
-
179 19
95 30
36 34
66 37
116 46
-
-
74 25
-
187 1
3 45
empty
-
192 35
empty
empty
-
86 31
empty
-
-
-
178 7
79 34
60 35
-
52 11
-
-
-
-
-
51 3
157 21
92 24
48 43
79 47
empty
empty
empty
empty
empty
-
37 22
-
37 24
empty
-
-
-
110 16
-
-
-
20 6
-
123 10
90 16
-
54 23
170 31
-
132 24
93 40
-
-
26 10
58 21
-
115 21
45 46
empty
-
-
-
0 10
-
9 11
46 24
79 49
empty
-
-
-
-
94 2
-
-
-
105 4
-
55 10
-
-
71 3
56 12
199 20
-
19 10
191 23
28 24
-
179 17
165 38
-
-
189 10
20 48
-
122 43
112 49
empty
-
134 23
-
185 49
empty
empty
empty
empty
-
-
30 16
-
-
129 15
178 19
-
-
130 34
-
-
10 0
88 34
174 38
-
122 40
133 40
empty
empty
-
76 36
-
152 47
-
-
95 16
-
110 6
-
149 8
105 29
empty
empty
-
16 44
-
15 42
empty
empty
empty
empty
empty
empty
-
199 30
empty
empty
empty
-
87 16
empty
empty
-
-
19 10
-
161 12
-
-
-
59 6
126 14
165 28
139 43
-
-
123 16
35 26
-
-
34 0
156 9
empty
empty
empty
empty
empty
-
158 10
-
-
27 22
121 32
-
34 45
empty
empty
empty
empty
empty
empty
-
-
92 1
93 10
empty
-
182 13
-
96 20
empty
empty
-
-
74 2
111 42
-
-
14 36
-
-
147 25
176 48
-
-
-
194 12
24 40
-
-
163 44
68 46
19 47
-
117 37
-
-
28 35
26 42
96 49
-
68 47
empty
-
156 23
-
-
38 17
-
114 18
-
74 33
151 43
-
11 30
-
-
191 11
59 43
empty
-
125 45
empty
empty
empty
empty
-
88 49
empty
empty
empty
empty
empty
-
93 45
-
-
79 32
28 43
empty
-
-
-
115 25
174 29
135 40
empty
empty
empty
empty
-
-
122 41
179 46
-
-
-
-
-
-
47 7
94 20
65 30
-
89 26
17 39
-
110 36
174 43
empty
-
167 47
empty
empty
empty
-
-
-
-
138 0
34 1
191 9
176 17
empty
-
-
53 33
-
32 21
-
-
43 24
77 25
-
169 10
-
41 30
103 36
-
117 14
empty
-
165 26
empty
empty
empty
-
172 47
-
19 42
empty
-
-
-
-
42 17
-
14 4
184 32
-
29 26
-
149 30
0 46
-
10 39
-
-
-
-
-
70 3
-
-
-
125 7
-
-
-
51 16
110 25
89 25
-
-
7 2
35 4
17 34
140 39
180 41
-
-
-
60 8
-
98 5
-
-
-
103 3
79 4
31 24
-
-
-
73 0
-
-
-
-
-
-
122 1
-
136 2
11 6
-
49 5
-
-
34 7
-
185 12
14 18
-
-
-
92 5
-
133 7
-
179 17
63 18
86 20
-
-
-
-
-
21 12
167 23
-
-
-
124 17
138 18
63 25
-
26 33
178 34
24 38
99 39
-
-
-
-
-
-
-
38 5
-
199 5
-
-
28 7
22 7
-
182 8
69 11
-
134 11
164 12
-
-
149 25
63 29
-
-
-
83 5
-
72 9
161 11
64 19
37 29
-
161 20
-
81 7
-
184 3
-
-
-
38 9
160 13
65 31
-
-
194 30
-
-
-
144 9
37 27
0 36
133 40
13 41
-
109 42
-
-
-
116 5
68 12
-
99 30
-
-
179 6
181 12
-
-
97 4
172 9
-
33 19
45 44
78 45
8 46
-
18 26
31 46
-
-
119 25
-
62 27
166 48
67 48
141 48
20 49
-
23 12
-
-
-
-
-
3 7
11 8
-
178 16
-
170 26
-
96 14
154 33
-
-
15 8
136 24
-
-
-
119 7
143 18
153 45
93 45
-
82 47
67 49
empty
empty
empty
empty
empty
empty
empty
-
11 7
empty
-
113 20
empty
-
-
105 0
11 24
empty
empty
-
129 16
-
148 16
-
67 28
empty
-
-
15 2
199 19
empty
empty
-
129 26
empty
empty
empty
empty
empty
-
60 30
empty
empty
empty
empty
empty
-
-
48 8
67 43
empty
-
26 22
-
88 25
empty
-
-
71 10
114 41
empty
-
-
-
-
-
112 2
-
114 15
-
22 15
-
148 34
-
82 4
150 34
131 39
126 43
-
157 38
-
108 10
85 46
empty
empty
empty
-
-
145 5
-
-
-
147 19
23 22
64 23
-
-
2 25
-
170 0
125 28
173 43
-
-
45 1
-
-
106 5
11 35
193 42
-
-
0 13
-
-
189 18
-
133 28
-
48 8
75 28
145 36
-
116 41
-
-
183 11
-
146 8
162 32
empty
empty
empty
-
169 47
empty
-
132 37
empty
empty
empty
empty
empty
empty
empty
empty
empty
-
-
199 26
-
-
162 13
-
-
18 23
189 28
-
-
107 2
-
-
-
177 1
119 11
-
100 15
102 29
-
36 36
-
-
178 40
36 42
-
130 45
3 46
30 46
24 47
-
6 9
-
-
-
127 30
-
89 30
146 38
-
133 6
64 43
-
169 41
empty
empty
empty
-
42 47
-
7 22
empty
empty
-
70 20
-
-
84 22
47 27
empty
empty
-
23 8
empty
empty
empty
empty
-
61 23
empty
-
74 13
empty
empty
empty
empty
empty
-
30 16
empty
-
120 26
empty
empty
empty
-
-
-
-
126 9
143 24
-
-
-
65 1
-
-
185 15
116 21
-
99 29
95 32
110 35
15 39
-
174 12
153 46
-
-
94 26
-
-
141 9
-
164 14
120 46
-
75 1
19 49
empty
empty
-
21 1
empty
empty
empty
-
62 21
empty
-
193 30
-
48 6
-
-
-
-
37 3
-
86 4
-
-
73 15
52 25
115 25
-
-
-
75 18
-
123 22
182 23
120 28
-
2 32
160 34
62 48
empty
empty
empty
empty
empty
-
-
193 16
58 45
empty
-
35 27
empty
empty
-
-
110 37
157 37
-
98 49
-
-
198 26
-
-
98 34
-
-
106 18
-
-
194 18
-
-
30 5
-
166 13
-
71 25
-
72 36
-
-
36 24
179 37
-
116 39
135 41
186 42
-
-
-
78 10
-
193 2
190 41
2 44
-
173 10
-
-
71 8
181 15
112 44
-
5 3
91 48
empty
empty
empty
empty
empty
-
-
2 17
22 22
empty
-
78 9
-
196 46
-
-
19 10
186 19
empty
empty
empty
empty
empty
empty
empty
empty
empty
empty
empty
empty
-
50 27
empty
-
88 14
empty
-
185 40
-
-
-
85 10
-
-
-
-
111 13
75 17
99 19
-
45 28
-
-
99 6
-
-
-
-
-
-
34 3
142 20
-
-
193 21
-
-
145 5
156 26
-
-
167 27
98 31
-
-
-
56 4
-
157 11
142 19
-
144 1
-
-
105 11
-
-
8 10
-
80 9
-
131 13
196 14
161 15
117 35
126 36
30 40
61 40
6 44
77 46
13 47
139 47
149 49
-
-
22 45
16 46
-
17 19
-
115 49
empty
empty
-
198 22
-
84 11
empty
empty
-
101 11
empty
-
-
179 30
155 31
empty
empty
empty
-
-
49 0
154 6
empty
-
-
122 7
-
130 8
-
-
144 26
-
108 8
152 36
-
-
76 3
-
-
76 3
-
-
182 28
125 28
84 35
-
179 10
172 41
192 43
empty
empty
-
-
183 24
72 37
empty
-
16 23
empty
empty
-
144 15
empty
empty
empty
-
-
30 23
155 48
empty
-
-
-
180 22
-
167 30
-
41 4
48 35
-
-
7 15
44 31
-
188 16
169 38
empty
-
48 13
-
39 27
-
166 5
empty
empty
empty
-
-
50 5
13 14
empty
empty
-
-
182 17
-
42 27
21 45
-
-
148 6
171 44
-
150 37
empty
empty
empty
-
181 45
-
34 47
-
-
-
-
60 4
-
-
61 5
63 14
174 24
182 28
-
150 44
empty
empty
empty
-
194 4
empty
-
-
-
112 0
93 5
-
108 20
-
94 5
117 42
-
138 23
-
85 17
empty
empty
empty
-
8 4
empty
empty
empty
empty
empty
empty
empty
empty
empty
empty
empty
empty
empty
-
-
-
131 16
-
96 33
-
194 12
89 37
2 41
-
19 7
empty
-
28 36
empty
-
-
21 17
123 21
empty
empty
-
-
148 27
85 33
-
95 19
empty
empty
empty
-
-
192 35
122 46
empty
-
16 25
empty
-
177 17
empty
-
48 31
-
108 22
empty
empty
empty
empty
empty
empty
empty
-
-
-
-
-
-
177 5
-
-
-
54 0
50 9
-
185 14
44 17
126 23
134 25
59 35
153 35
-
94 22
empty
empty
-
23 4
-
-
86 1
75 7
-
194 45
empty
-
157 21
empty
empty
-
-
54 41
62 42
-
-
-
-
-
163 0
-
114 2
121 7
5 22
-
-
142 14
-
147 20
192 28
-
167 28
14 31
34 43
-
-
170 17
134 18
-
159 39
empty
-
45 42
empty
empty
-
45 31
-
126 16
empty
empty
empty
empty
-
-
120 39
139 43
empty
empty
empty
empty
-
3 12
empty
empty
empty
-
97 30
-
105 37
-
161 9
empty
empty
-
175 18
-
-
179 15
110 43
empty
-
196 11
empty
-
-
-
-
-
-
100 1
-
14 19
99 22
-
-
161 3
-
-
197 28
103 32
-
-
-
124 10
13 24
-
-
-
71 26
-
150 15
-
139 19
-
-
38 4
34 36
-
48 26
193 38
17 43
54 43
-
-
75 25
170 39
-
70 45
89 46
-
-
-
-
-
147 26
105 30
64 33
-
160 17
131 44
-
158 19
-
-
-
73 3
191 14
-
-
68 17
-
-
164 8
191 21
24 39
7 44
125 47
130 49
-
174 6
-
-
-
117 8
71 21
73 26
173 49
empty
empty
empty
-
140 28
empty
empty
-
136 23
-
33 19
-
195 26
empty
-
-
49 9
-
-
115 9
58 27
-
56 11
-
-
8 1
17 21
-
87 23
-
-
-
112 8
160 11
25 15
154 31
empty
empty
-
24 40
empty
empty
empty
empty
-
6 10
empty
empty
empty
empty
-
-
-
191 0
176 11
166 15
-
194 2
empty
empty
empty
empty
empty
empty
-
-
96 6
51 40
-
62 29
-
-
123 14
117 40
empty
empty
empty
-
14 45
empty
empty
empty
empty
-
-
-
-
71 1
30 45
-
29 29
67 49
-
-
-
-
-
-
186 13
92 28
196 33
-
47 37
49 39
198 43
197 44
-
83 36
-
162 30
-
37 8
empty
empty
empty
-
-
-
31 15
-
-
148 26
58 28
30 36
-
191 24
-
69 38
-
-
194 41
-
137 43
-
-
-
-
69 7
-
189 28
143 32
-
-
193 32
179 34
13 38
-
-
199 24
120 46
84 47
-
-
-
-
-
-
170 2
187 10
-
-
-
91 3
130 11
104 13
60 14
126 25
153 32
-
-
116 17
-
-
160 12
-
17 21
-
82 24
-
-
-
-
123 13
137 23
52 29
-
-
-
-
172 17
-
-
-
-
68 3
27 17
-
39 10
-
70 19
-
-
-
14 19
77 23
-
170 21
91 25
128 26
-
-
197 4
9 6
-
181 0
-
6 28
-
-
-
-
-
-
notupdated
-
13 1
-
51 25
122 26
-
158 13
105 28
112 29
-
142 10
120 30
-
-
7 33
-
118 0
-
-
69 35
-
-
-
153 35
113 36
54 36
104 37
94 39
159 39
-
-
-
-
103 1
notinserted
-
181 10
-
notupdated
145 1
-
63 5
18 24
196 40
33 44
-
-
-
-
15 10
-
189 11
78 23
-
-
53 4
55 7
-
-
131 16
-
-
-
-
133 9
76 19
-
-
183 1
115 19
-
-
37 12
183 13
24 24
103 25
-
124 22
72 27
89 40
107 45
146 49
188 49
-
157 9
empty
-
47 14
empty
empty
empty
empty
-
-
120 2
-
-
85 13
9 24
-
-
49 29
-
-
132 10
178 38
68 43
38 44
empty
empty
empty
-
26 19
-
177 38
empty
empty
empty
empty
-
169 32
empty
-
45 47
empty
empty
empty
empty
-
-
123 36
41 38
-
106 10
empty
-
-
-
65 4
37 8
-
-
-
103 3
-
-
111 29
9 30
-
62 27
70 34
193 36
198 44
empty
empty
-
114 48
empty
-
110 6
empty
empty
-
30 23
empty
-
158 19
empty
empty
-
6 30
-
-
67 18
40 23
empty
empty
empty
empty
-
75 28
notupdated
empty
empty
-
99 12
empty
empty
-
86 31
-
9 42
-
15 18
empty
empty
empty
-
-
142 10
175 25
-
54 34
empty
-
-
144 0
168 49
empty
-
-
72 16
50 30
-
38 19
empty
empty
-
8 10
empty
-
-
-
166 10
-
163 23
80 25
164 44
-
165 5
-
-
54 0
-
79 23
118 25
empty
-
28 11
-
139 49
empty
empty
empty
empty
empty
empty
empty
-
-
173 0
-
-
-
157 2
190 11
72 21
140 49
empty
-
-
135 42
109 46
-
125 40
empty
-
-
193 2
-
-
110 31
141 40
-
-
-
-
notupdated
-
-
108 1
24 1
-
69 23
150 23
-
-
163 9
2 14
-
-
-
194 12
-
0 4
167 24
-
113 1
25 25
-
-
93 13
-
-
-
92 15
-
137 4
169 29
-
-
53 9
102 18
-
142 19
154 40
-
120 13
9 43
-
5 21
138 48
164 48
-
5 5
32 49
empty
empty
empty
-
68 29
empty
-
120 11
empty
-
-
154 3
-
-
-
76 7
160 9
95 9
135 49
empty
empty
empty
empty
-
-
130 1
189 32
-
-
-
-
-
99 7
122 17
113 37
-
-
147 23
111 41
123 44
empty
-
149 26
-
-
-
172 6
93 13
-
-
-
-
174 3
192 19
20 24
-
-
79 3
-
-
9 2
30 26
-
157 38
51 40
49 48
-
164 20
180 48
empty
-
95 9
empty
empty
empty
empty
empty
-
199 14
empty
-
177 21
empty
-
39 40
empty
-
-
-
35 25
1 30
-
-
21 20
66 24
144 33
empty
empty
-
-
141 9
122 20
empty
empty
-
-
147 14
92 21
empty
-
-
-
-
-
169 1
-
106 10
111 13
124 22
139 36
-
-
-
68 1
4 24
-
-
25 19
155 26
50 27
-
-
122 31
198 35
-
-
53 12
-
27 29
181 36
12 43
empty
empty
empty
empty
-
-
-
8 14
-
-
92 30
-
165 35
-
102 28
77 38
147 39
-
63 42
-
138 20
-
-
170 10
96 17
-
-
-
-
-
140 0
122 9
notupdated
170 24
-
178 7
0 36
-
51 43
55 49
20 49
-
104 15
empty
empty
empty
-
31 18
-
-
-
6 10
84 16
-
47 16
-
-
190 8
-
107 36
29 38
-
60 7
170 49
-
102 0
empty
empty
empty
empty
-
-
-
110 0
39 1
-
196 1
52 24
-
170 31
empty
-
-
3 15
106 27
-
156 46
empty
empty
empty
-
173 10
-
-
65 1
-
95 44
78 45
empty
empty
empty
empty
empty
-
-
-
-
35 3
126 9
81 28
-
-
-
37 14
-
-
-
124 6
-
67 1
-
-
-
109 27
-
92 13
-
194 31
-
174 1
-
-
113 10
193 10
-
-
159 25
-
164 31
153 32
14 36
-
-
150 1
147 10
-
30 7
-
-
158 1
90 42
51 45
-
33 45
-
-
-
-
-
-
notupdated
136 3
138 7
79 13
-
-
-
17 27
117 36
84 38
8 44
-
-
-
-
183 10
49 24
163 25
90 28
-
-
36 6
-
-
23 22
198 33
-
78 8
44 45
-
-
46 5
-
-
-
142 10
163 30
-
-
67 6
-
165 15
-
-
69 25
154 36
117 37
-
-
-
96 14
-
-
137 21
190 29
-
98 0
-
52 30
64 32
-
151 29
71 38
16 44
167 45
5 47
-
-
108 30
48 44
-
131 28
-
-
-
-
-
-
115 1
144 7
68 15
-
191 27
195 35
110 40
-
184 9
-
-
-
51 6
142 29
-
-
-
20 9
39 21
122 38
-
-
179 5
175 8
-
-
131 25
154 30
-
30 8
-
140 17
121 46
138 49
-
-
-
107 8
104 13
-
-
187 39
-
24 28
61 40
4 49
-
-
65 1
175 28
-
196 30
empty
empty
notupdated
empty
-
112 37
empty
-
131 30
empty
empty
notupdated
-
-
131 26
68 36
-
-
127 7
-
70 16
-
-
-
-
-
122 2
108 12
0 26
43 27
-
-
116 35
-
-
44 13
-
32 11
86 36
-
-
-
74 22
165 28
-
-
180 11
-
-
114 7
-
-
54 5
135 19
159 28
-
-
160 17
-
35 21
-
188 33
148 37
113 39
2 43
27 44
-
190 1
68 49
187 49
empty
-
-
124 22
30 43
empty
empty
empty
empty
empty
empty
-
105 2
empty
empty
-
95 19
-
196 2
empty
empty
-
179 40
empty
empty
empty
empty
-
notupdated
23 7
-
137 45
empty
-
32 9
empty
-
44 28
-
-
-
-
-
58 2
33 23
-
113 22
27 40
22 46
9 47
-
-
-
-
80 26
-
-
-
-
15 0
33 22
55 25
-
-
88 30
-
5 16
-
119 19
190 33
86 39
199 41
39 46
70 48
-
42 18
empty
empty
-
-
1 1
178 39
empty
empty
-
-
-
-
notupdated
49 25
40 27
161 37
-
-
-
140 14
159 29
-
9 31
-
90 37
128 45
163 48
empty
-
147 12
empty
empty
empty
-
-
83 9
-
16 5
136 12
empty
-
191 32
empty
-
-
10 6
45 26
empty
empty
empty
empty
-
190 3
empty
empty
-
60 26
empty
-
-
-
-
-
-
-
161 2
105 9
-
-
-
8 10
175 18
108 21
-
115 3
-
93 7
-
-
41 13
96 25
97 29
-
12 11
76 33
-
22 22
193 36
159 38
empty
empty
empty
-
-
160 0
39 7
empty
empty
empty
-
77 16
empty
empty
empty
empty
empty
empty
empty
-
-
-
116 1
-
-
34 8
-
60 3
163 40
-
-
20 35
56 44
54 45
-
83 34
-
139 29
empty
empty
-
-
-
-
150 2
92 11
144 30
-
24 25
102 34
-
-
-
62 0
116 1
177 15
empty
-
175 49
empty
-
114 15
empty
empty
empty
empty
-
164 6
-
-
19 8
128 30
empty
-
-
-
27 9
-
-
-
143 6
-
74 12
59 12
-
-
-
120 2
-
115 25
84 26
62 41
122 41
-
-
161 6
-
157 30
-
67 28
186 41
127 45
191 48
empty
empty
empty
-
109 16
empty
empty
-
120 20
empty
empty
empty
empty
-
38 3
-
137 13
empty
empty
-
-
-
107 20
-
60 8
131 28
-
54 20
empty
empty
-
79 31
-
149 30
-
-
18 9
139 17
empty
empty
-
-
-
-
-
-
-
187 17
-
-
69 7
-
-
-
-
-
-
-
130 9
-
-
-
-
54 19
-
94 6
-
10 9
132 20
106 21
148 21
-
17 25
7 28
-
77 2
-
24 27
83 28
-
122 32
-
143 8
4 32
192 34
20 35
-
109 39
33 39
-
-
79 1
101 36
150 41
-
-
-
-
-
-
149 0
-
-
-
-
-
-
-
37 1
-
-
-
92 2
199 3
-
-
159 3
-
-
-
-
-
-
152 0
-
-
99 3
29 3
124 4
-
-
118 4
-
-
75 3
-
-
164 1
-
-
-
170 6
-
52 7
48 12
-
-
-
-
122 13
1 13
-
-
144 1
107 14
-
114 14
-
46 9
120 16
178 17
58 19
-
notupdated
123 3
156 19
-
-
9 19
notupdated
177 19
160 21
-
45 12
89 23
44 23
151 25
3 31
138 32
-
117 30
-
15 22
94 32
8 35
73 36
130 36
-
7 19
61 42
-
-
-
72 2
58 23
0 31
27 43
-
-
48 16
-
-
-
186 1
-
126 8
185 17
-
-
116 4
53 24
77 43
17 45
14 47
-
191 18
empty
empty
-
-
-
156 7
187 14
-
-
36 4
179 29
-
19 30
156 45
empty
empty
-
119 45
empty
empty
-
-
123 6
-
195 24
42 36
empty
empty
empty
empty
-
152 10
-
8 8
empty
empty
empty
empty
-
-
145 4
88 26
empty
-
18 18
empty
empty
empty
empty
-
34 14
-
-
-
28 29
50 31
96 35
-
71 5
-
187 2
empty
-
-
34 34
146 39
empty
empty
-
112 43
-
31 38
empty
-
45 44
-
118 5
-
153 43
empty
empty
empty
-
116 29
-
-
-
110 0
-
119 0
117 17
122 20
-
198 13
empty
empty
empty
empty
empty
-
-
-
-
-
137 2
-
36 35
-
147 0
-
2 37
116 39
162 42
12 43
56 44
empty
-
notupdated
114 0
empty
-
49 49
empty
-
-
195 23
-
-
3 21
-
-
-
183 2
-
150 4
-
174 15
-
61 28
137 30
-
140 31
159 37
52 39
78 44
empty
empty
empty
-
-
50 14
-
165 6
-
191 27
-
68 11
136 43
empty
-
42 19
empty
empty
empty
-
-
-
34 5
-
-
-
187 9
-
166 13
121 17
59 23
-
-
146 2
165 26
19 41
37 48
empty
-
-
-
122 5
130 13
150 43
empty
empty
empty
-
-
-
47 19
-
-
190 20
14 21
-
159 10
-
160 5
-
58 25
-
130 7
-
27 31
-
100 24
142 48
-
-
59 1
-
84 12
4 23
empty
empty
empty
-
103 0
empty
-
123 33
empty
empty
empty
-
-
-
-
72 3
-
-
124 6
49 15
14 21
166 38
-
178 41
empty
-
-
162 32
103 43
empty
-
187 30
empty
-
185 48
-
11 17
-
121 12
-
-
127 13
95 33
empty
-
199 21
-
98 44
empty
-
4 2
-
166 30
empty
-
123 38
empty
-
-
12 9
26 13
-
108 41
empty
empty
-
-
85 4
-
-
-
-
144 6
160 25
106 26
-
38 0
-
111 38
188 44
178 45
empty
empty
empty
-
172 18
-
-
-
77 6
86 24
33 42
empty
-
115 22
empty
empty
-
148 27
-
134 32
empty
empty
-
notupdated
140 42
empty
empty
empty
empty
notupdated
-
129 13
-
-
-
147 22
189 34
77 35
empty
empty
empty
empty
empty
-
-
-
-
-
122 10
-
115 14
-
58 15
-
31 4
17 16
-
111 24
192 33
121 34
136 47
-
161 48
empty
-
-
-
-
56 1
102 22
110 29
134 30
empty
empty
-
181 11
empty
empty
-
-
125 6
185 19
empty
empty
empty
-
-
66 16
91 42
-
178 0
empty
-
-
-
182 9
-
106 22
144 23
68 37
empty
empty
empty
empty
-
53 28
-
118 29
-
34 36
empty
-
-
-
1 1
148 39
37 44
-
58 35
empty
empty
empty
empty
empty
empty
empty
-
-
120 44
182 49
empty
empty
-
-
109 12
181 30
-
-
46 16
2 42
empty
empty
empty
empty
empty
empty
-
165 41
empty
empty
-
129 22
-
-
3 24
-
182 41
-
-
-
152 5
66 10
80 19
163 48
-
18 27
-
-
-
-
-
173 1
80 14
113 19
141 21
-
-
120 7
-
-
6 6
197 9
190 33
-
-
-
-
notupdated
123 6
-
-
-
-
-
150 4
90 14
-
116 15
62 24
-
-
-
193 28
-
190 23
105 31
-
48 33
27 34
198 39
109 41
44 43
-
73 32
-
-
167 34
113 35
-
-
1 8
-
72 20
-
16 23
180 25
-
199 4
-
-
-
34 0
9 16
159 45
85 47
-
-
-
-
122 6
-
-
111 6
5 16
139 27
48 29
90 42
82 47
22 48
empty
empty
empty
-
167 18
empty
-
-
-
61 12
187 23
-
-
31 29
-
-
-
-
49 0
-
-
37 5
118 29
-
158 29
194 33
157 36
65 39
95 42
-
-
-
-
107 6
90 13
106 32
61 45
125 49
-
129 32
empty
-
-
183 13
-
20 18
182 21
-
81 40
empty
-
-
190 21
-
-
40 7
167 19
159 35
-
95 31
empty
-
168 5
-
198 18
-
31 24
empty
-
-
9 16
77 42
-
-
-
-
172 3
198 29
197 29
16 45
empty
empty
empty
-
154 6
-
88 31
empty
-
-
-
-
-
29 2
97 6
70 16
196 20
-
-
-
-
99 8
-
89 8
-
170 21
-
147 23
192 27
92 32
-
48 27
116 36
empty
-
-
92 10
106 34
empty
empty
empty
empty
empty
-
197 6
-
-
-
111 10
-
-
-
130 18
126 24
142 24
145 44
138 47
empty
-
-
-
117 9
-
114 10
-
-
149 10
11 25
97 30
171 36
-
-
141 8
28 37
empty
-
8 21
-
37 35
empty
-
129 19
empty
empty
empty
empty
-
-
-
-
146 5
-
-
-
-
32 0
-
104 0
83 14
175 19
-
-
62 19
131 22
185 23
-
115 25
121 34
108 44
-
-
-
60 29
-
37 7
-
16 38
-
-
-
107 1
60 9
70 11
85 39
-
-
-
-
-
-
-
-
-
-
11 0
-
139 1
192 9
54 10
-
84 3
53 12
-
-
193 17
-
-
4 16
165 18
notupdated
98 20
162 34
185 37
-
-
-
117 8
2 11
74 26
-
21 11
-
140 7
181 39
95 39
-
17 22
-
-
-
129 22
120 36
148 42
8 44
99 48
106 48
-
-
141 16
64 31
empty
empty
-
7 8
empty
-
146 22
empty
empty
empty
empty
empty
empty
-
115 27
-
1 20
empty
-
-
-
-
-
46 1
98 16
29 17
154 27
192 37
-
196 27
empty
-
-
32 15
48 38
empty
-
-
68 6
182 15
empty
-
notupdated
-
-
-
136 12
75 17
-
85 5
43 36
159 46
empty
-
188 0
-
-
140 25
19 35
-
-
-
-
-
104 11
106 11
171 12
-
7 12
0 32
95 37
empty
-
34 13
empty
empty
-
125 43
-
5 6
-
56 48
empty
empty
-
-
-
-
-
-
59 6
153 17
-
-
30 17
176 28
104 29
151 38
37 39
-
170 9
111 41
-
86 14
-
195 11
empty
empty
empty
empty
empty
empty
empty
-
138 11
empty
empty
empty
-
-
-
112 11
168 19
50 24
-
-
120 34
-
-
19 5
192 29
-
-
149 1
122 13
143 43
-
54 22
empty
notupdated
empty
-
-
-
-
85 13
-
186 14
183 16
12 24
71 32
empty
empty
empty
-
65 33
-
-
-
-
156 24
126 26
86 28
82 37
empty
-
-
84 27
-
52 11
56 30
empty
empty
-
-
167 10
-
136 0
26 10
empty
-
-
189 41
-
95 9
53 45
empty
empty
empty
-
44 46
-
133 44
-
-
-
62 0
-
-
145 24
71 25
-
195 27
-
59 30
45 31
-
91 18
56 47
empty
-
168 16
-
120 46
empty
empty
empty
-
181 17
empty
empty
empty
empty
empty
-
43 35
empty
empty
empty
empty
empty
-
86 39
-
5 25
empty
-
-
-
-
-
-
177 5
76 9
64 13
145 24
186 42
-
-
68 11
121 28
-
152 11
-
195 23
-
21 47
74 47
empty
-
-
186 34
132 34
empty
-
72 14
empty
empty
-
169 6
-
190 47
empty
empty
-
-
-
19 27
34 35
-
-
70 16
-
43 7
20 27
-
-
-
59 12
-
-
-
176 2
116 17
29 26
160 29
-
-
161 5
174 30
125 37
30 43
-
43 47
-
-
101 18
-
145 0
46 20
empty
empty
empty
-
-
-
-
43 1
98 29
28 36
-
47 13
-
-
-
177 25
-
43 22
61 37
-
-
-
-
18 4
178 22
41 23
-
-
-
-
-
154 2
55 7
30 31
79 31
-
26 35
52 37
175 43
91 45
-
139 34
108 47
empty
empty
-
-
72 7
78 10
-
-
-
88 5
101 13
-
25 16
-
194 17
22 33
-
80 26
empty
empty
-
2 12
-
25 48
-
12 46
empty
-
-
98 4
47 28
-
62 16
empty
empty
empty
empty
-
-
112 21
105 48
-
-
45 32
-
199 29
-
102 1
21 32
empty
empty
empty
empty
empty
empty
-
27 46
empty
empty
empty
-
58 22
-
55 17
empty
empty
empty
empty
empty
empty
empty
empty
-
-
122 7
106 30
empty
empty
empty
empty
empty
empty
empty
-
-
176 0
192 48
-
154 8
empty
empty
empty
-
163 45
-
-
-
14 8
-
-
185 0
9 15
-
-
-
140 4
-
155 14
-
-
91 16
-
-
37 1
-
-
-
-
-
130 9
170 18
169 22
-
-
182 9
86 29
111 31
79 33
5 33
-
45 24
-
-
155 10
86 20
149 34
-
-
1 15
-
-
110 19
18 32
-
167 34
32 35
-
-
-
55 3
23 28
155 47
173 48
empty
-
69 21
empty
-
-
4 32
11 38
empty
empty
empty
empty
-
95 31
empty
empty
-
122 36
empty
empty
empty
-
43 33
empty
empty
empty
-
-
125 5
-
-
64 30
-
-
-
92 21
72 27
-
-
-
64 3
123 26
165 39
120 40
-
134 21
-
17 41
-
166 28
-
166 33
-
-
169 10
29 39
-
-
160 21
notupdated
135 36
-
77 9
112 45
43 48
-
-
90 6
-
-
155 3
-
53 13
-
90 26
141 46
-
105 13
empty
empty
empty
empty
empty
empty
-
104 40
-
-
notupdated
-
77 28
-
170 31
161 42
127 43
empty
empty
empty
-
4 47
empty
-
-
80 40
-
56 43
-
-
24 16
-
117 20
-
-
193 8
-
-
134 8
104 39
57 42
174 45
notupdated
130 47
empty
empty
empty
empty
empty
empty
empty
-
144 36
empty
empty
empty
-
189 8
empty
empty
empty
-
-
-
173 25
-
-
-
42 4
-
101 9
73 19
-
133 8
-
32 35
55 39
19 43
188 45
-
117 45
empty
-
-
171 24
-
9 15
-
40 0
11 44
-
139 14
empty
-
147 5
-
-
186 12
5 17
empty
empty
-
74 45
empty
empty
-
137 27
empty
notupdated
-
58 5
-
148 3
-
90 44
-
197 4
empty
empty
empty
-
-
-
-
-
notupdated
38 7
-
-
-
10 5
84 12
109 14
-
73 0
-
-
-
148 21
-
154 12
193 23
160 24
113 27
-
-
77 15
-
0 15
-
-
64 18
106 31
55 37
185 43
191 44
39 45
-
125 12
empty
empty
-
98 10
empty
-
81 14
empty
-
-
17 31
62 46
-
-
148 3
131 29
-
71 20
empty
-
-
-
-
-
197 18
40 19
42 25
-
113 27
-
117 34
54 34
-
127 38
-
42 2
33 49
-
62 25
empty
empty
-
-
-
164 19
52 37
23 49
empty
empty
-
32 49
-
16 3
empty
empty
empty
empty
-
-
89 9
-
180 39
48 47
-
72 36
empty
-
-
15 19
176 38
empty
empty
empty
-
30 0
empty
-
-
32 1
122 43
-
11 36
empty
empty
empty
empty
empty
-
57 21
empty
notupdated
-
18 45
-
-
166 6
67 9
empty
empty
-
111 38
empty
empty
empty
empty
empty
-
-
112 38
-
117 25
32 42
empty
-
-
-
93 7
89 45
notupdated
empty
empty
-
29 30
empty
empty
-
9 42
empty
empty
empty
empty
empty
-
20 29
empty
empty
-
-
52 9
42 43
empty
-
-
54 16
75 20
-
129 23
empty
-
-
-
47 4
-
notupdated
-
-
135 3
80 12
-
-
54 4
192 17
199 23
-
-
152 1
-
-
140 15
59 27
34 28
-
150 21
84 29
-
-
-
63 31
161 35
27 36
-
-
-
64 25
144 28
-
60 28
141 38
67 42
-
39 15
-
11 13
empty
empty
empty
empty
-
-
67 17
173 35
-
-
180 13
192 20
empty
empty
empty
-
-
-
172 1
36 1
82 42
-
15 6
empty
-
82 5
-
136 28
-
182 36
-
198 44
-
80 5
empty
empty
-
95 15
empty
empty
empty
-
157 9
-
-
-
17 2
11 7
empty
empty
empty
-
113 28
-
38 12
empty
empty
-
115 12
-
140 1
-
185 5
empty
empty
-
90 28
-
-
-
102 15
55 28
156 45
-
90 11
empty
empty
-
183 41
empty
empty
empty
-
-
31 26
118 47
empty
empty
-
-
107 5
139 17
empty
-
1 1
-
-
73 19
77 24
empty
-
-
141 15
120 25
-
-
-
notupdated
-
162 1
-
135 10
66 14
124 25
notupdated
-
132 1
-
-
135 5
153 25
-
-
61 11
11 28
-
27 31
125 43
-
28 22
-
136 1
empty
empty
-
-
-
198 11
164 25
-
185 1
-
58 13
102 33
empty
-
14 23
-
117 28
empty
-
-
168 23
-
44 13
-
137 9
34 32
empty
-
-
0 21
-
130 34
-
-
59 2
148 34
173 47
empty
-
46 23
empty
empty
empty
empty
-
186 35
empty
empty
empty
-
110 29
-
87 18
empty
empty
empty
empty
-
19 45
empty
-
-
63 1
-
-
-
131 3
-
83 18
38 26
-
103 16
107 30
91 37
empty
-
-
-
-
47 27
157 28
-
-
116 10
-
-
-
-
113 2
-
-
16 5
7 5
185 14
181 31
61 33
-
62 11
-
87 42
-
94 42
119 43
11 45
empty
-
155 4
empty
empty
empty
-
179 44
empty
empty
empty
empty
-
105 15
empty
-
-
-
102 0
-
70 11
106 24
131 25
empty
empty
-
189 6
empty
empty
-
9 26
-
-
55 4
-
-
-
-
-
-
121 18
-
19 28
113 29
45 30
-
-
-
77 1
118 6
-
2 32
-
163 28
-
140 23
-
-
-
40 9
184 14
170 21
-
60 2
112 33
141 39
-
-
-
-
195 8
23 13
157 26
-
-
5 6
-
66 13
-
-
162 11
62 30
143 40
18 41
196 44
-
177 29
36 44
-
65 40
empty
empty
empty
empty
-
-
-
2 18
32 18
73 21
empty
-
-
174 25
89 49
-
-
-
-
46 8
152 11
166 39
empty
-
-
172 5
51 11
-
-
168 24
166 32
-
112 42
-
25 26
empty
-
-
97 1
73 40
-
37 4
empty
empty
empty
empty
-
-
68 17
-
114 7
-
-
-
-
-
-
41 1
-
15 12
48 22
72 27
-
105 34
54 37
135 40
-
134 37
22 43
151 47
-
171 48
empty
-
-
181 12
-
119 26
6 28
-
48 49
empty
empty
-
59 7
-
-
45 26
76 32
empty
empty
-
196 40
empty
-
79 46
empty
notupdated
empty
-
102 11
-
192 1
-
5 43
-
143 46
empty
empty
empty
-
10 0
empty
-
176 18
-
164 27
empty
empty
empty
empty
-
-
-
2 22
22 27
154 40
empty
-
-
45 34
-
119 39
23 40
empty
empty
empty
-
24 19
-
3 15
empty
-
-
-
104 14
notupdated
37 18
103 35
empty
empty
empty
empty
-
190 7
-
notupdated
47 26
empty
-
117 41
empty
empty
-
notupdated
16 8
-
96 24
empty
empty
empty
-
-
103 1
-
85 12
-
-
-
-
-
-
145 0
96 4
-
-
notupdated
6 7
-
123 15
26 17
-
146 20
-
172 38
30 41
-
-
42 7
3 44
58 45
92 47
-
99 22
-
11 43
-
33 40
78 48
116 48
empty
empty
empty
empty
empty
-
191 6
empty
-
106 42
-
123 19
empty
-
-
-
-
147 3
154 3
91 31
empty
empty
-
71 10
empty
-
57 19
-
-
-
160 31
10 38
155 49
empty
empty
empty
empty
-
177 41
-
118 35
-
29 14
empty
empty
empty
-
47 30
empty
empty
-
-
116 7
-
50 21
65 32
empty
empty
empty
empty
-
171 3
empty
empty
empty
empty
-
8 32
-
-
-
59 0
56 5
-
119 2
-
-
166 11
61 25
-
131 11
0 49
empty
-
-
76 9
89 24
-
171 5
empty
empty
empty
empty
empty
empty
empty
empty
empty
empty
-
1 49
empty
-
-
175 12
-
105 13
25 14
empty
empty
-
-
69 25
-
152 15
-
-
35 20
-
-
-
189 7
75 21
-
-
118 9
101 13
-
-
175 25
-
-
-
-
28 10
34 28
-
89 17
-
116 28
-
44 0
71 28
39 30
-
74 19
195 31
123 35
152 37
-
64 45
148 46
empty
empty
empty
empty
-
114 24
empty
empty
empty
empty
empty
empty
empty
-
145 19
-
111 11
empty
empty
empty
empty
empty
-
128 34
empty
-
-
141 42
3 45
empty
-
188 38
empty
empty
empty
empty
empty
-
58 48
empty
empty
-
36 21
-
65 45
empty
empty
empty
empty
empty
empty
-
82 2
empty
empty
-
6 5
empty
empty
empty
empty
empty
-
-
141 16
-
-
-
71 26
-
-
75 27
-
142 9
-
-
-
26 15
-
-
-
140 1
-
194 26
-
-
-
-
139 10
113 21
69 27
120 36
-
77 41
notupdated
108 41
18 42
26 42
29 42
-
-
-
67 8
168 13
99 42
-
-
-
194 19
164 28
-
136 15
-
112 25
76 44
-
144 36
-
166 3
-
-
-
171 1
-
-
100 4
-
-
168 22
178 35
-
-
-
-
35 1
122 21
19 31
4 35
51 35
-
107 39
-
31 30
25 40
88 45
-
172 19
-
-
-
-
179 1
-
-
39 6
-
151 5
-
-
-
63 6
96 14
-
-
5 17
-
48 1
126 17
-
-
-
notupdated
7 10
-
151 10
-
-
-
129 3
-
-
97 6
-
-
-
69 10
21 12
-
-
-
105 17
-
2 6
152 18
172 21
73 26
-
-
-
81 23
67 23
-
-
-
-
92 1
-
42 9
192 26
6 30
107 36
-
154 9
-
144 15
-
187 20
110 38
99 40
142 40
-
154 34
109 45
-
109 42
8 45
-
3 28
168 47
119 48
-
107 40
-
-
-
179 10
-
91 11
107 22
-
84 40
139 47
-
-
38 33
-
-
146 8
-
58 19
-
43 1
148 36
110 38
-
141 28
34 48
65 49
empty
-
30 12
-
142 34
-
68 22
empty
empty
empty
-
-
28 2
-
196 27
16 47
empty
empty
-
18 35
-
-
-
68 35
189 41
20 46
empty
empty
empty
empty
empty
empty
empty
-
151 21
-
153 41
empty
empty
empty
-
136 46
-
23 48
empty
-
-
-
-
-
-
-
23 0
notupdated
126 3
69 3
-
-
74 13
43 31
128 36
126 40
empty
empty
-
108 4
empty
-
-
185 11
-
61 27
194 41
empty
empty
empty
-
23 46
-
-
14 6
131 38
-
112 6
-
-
116 11
-
137 37
25 48
empty
notupdated
notupdated
empty
empty
empty
empty
-
127 21
empty
empty
empty
empty
empty
-
40 3
empty
empty
-
172 18
-
71 6
empty
-
-
-
1 22
-
107 29
-
103 38
125 42
135 49
empty
empty
-
96 11
empty
-
-
-
127 9
193 12
-
168 7
15 47
empty
empty
empty
-
59 33
-
172 42
empty
empty
empty
empty
empty
-
-
-
108 27
-
24 28
117 40
-
47 16
181 42
-
-
-
109 7
-
-
170 16
177 30
68 33
36 38
empty
-
-
115 8
135 15
empty
-
-
-
184 10
-
-
89 12
15 24
-
21 13
-
189 12
-
-
-
3 10
-
-
142 11
-
-
98 26
-
-
173 31
-
-
-
9 6
167 29
-
77 10
-
-
92 23
-
-
15 27
-
10 6
41 32
-
-
193 11
-
-
119 15
169 26
-
-
-
36 22
80 31
37 35
102 38
54 39
-
-
178 10
157 19
-
-
5 12
150 37
8 41
39 42
-
-
-
51 4
138 9
-
-
177 11
131 16
43 42
110 43
96 47
48 48
187 48
175 49
empty
empty
empty
empty
-
2 31
empty
empty
-
-
69 2
91 40
-
139 24
empty
empty
-
8 8
empty
empty
-
-
-
27 17
-
52 2
55 25
-
109 24
-
-
-
-
71 10
188 30
-
130 33
99 38
-
-
-
154 11
172 16
62 37
-
-
138 3
178 31
111 40
-
80 21
15 45
empty
empty
empty
empty
empty
-
76 36
empty
-
-
116 36
73 46
-
-
28 12
66 14
empty
-
104 3
empty
empty
empty
-
-
-
-
16 6
-
-
36 15
-
163 21
41 22
178 26
75 30
empty
-
32 11
-
-
114 22
-
118 24
-
-
189 15
101 24
-
11 23
-
116 19
71 30
-
-
118 13
133 31
empty
-
32 29
-
-
80 20
172 43
empty
empty
empty
empty
empty
empty
-
8 35
empty
empty
empty
notupdated
empty
-
-
-
-
-
108 5
-
-
-
32 4
-
146 7
14 14
85 17
16 38
84 40
154 42
empty
-
-
146 0
172 47
empty
empty
-
-
-
10 32
-
66 32
105 43
52 46
empty
-
44 36
empty
empty
-
52 2
-
130 25
empty
empty
-
-
-
-
56 9
notupdated
30 10
-
146 29
120 33
48 49
empty
-
-
0 23
-
134 3
8 34
-
170 38
empty
-
-
-
-
58 5
-
-
94 6
34 8
37 18
159 24
-
63 35
124 39
-
196 49
empty
empty
-
45 20
-
62 9
empty
empty
empty
empty
empty
empty
-
199 25
-
179 46
empty
-
-
-
-
121 4
44 17
173 25
129 26
-
197 21
empty
empty
-
36 2
-
-
87 16
-
-
46 4
-
-
172 8
-
187 0
25 14
14 25
82 43
empty
-
114 35
-
67 27
-
38 29
empty
empty
empty
-
138 7
empty
-
29 44
empty
empty
empty
-
-
-
22 0
-
-
-
96 2
26 3
113 12
190 18
-
198 27
-
-
-
51 3
74 15
54 33
-
175 16
-
91 33
-
48 2
-
-
49 26
-
-
-
34 15
-
102 0
-
-
-
-
-
32 10
17 16
-
-
185 5
96 21
124 27
-
71 1
78 28
-
161 28
-
122 34
155 36
57 37
170 42
100 47
-
146 14
-
-
-
193 27
140 29
-
153 39
-
42 28
118 46
-
66 2
empty
-
30 19
empty
empty
empty
empty
empty
-
-
73 35
198 48
empty
empty
empty
empty
-
-
106 35
137 39
empty
-
184 40
empty
-
-
-
65 8
-
-
-
94 3
-
148 10
-
119 6
66 26
67 27
-
-
42 2
197 13
86 31
5 42
empty
empty
empty
-
124 33
empty
empty
-
-
26 35
43 37
empty
empty
empty
-
117 2
empty
-
63 14
-
185 12
empty
empty
empty
empty
-
5 32
-
-
56 9
27 16
-
-
104 4
-
69 9
-
66 19
19 38
empty
empty
empty
-
-
71 6
153 30
empty
empty
-
141 38
empty
-
77 38
-
-
-
-
128 19
45 21
-
-
-
-
-
52 7
-
-
-
146 21
-
162 24
7 24
-
187 26
117 29
-
-
181 9
134 26
92 32
-
164 33
-
14 19
-
187 28
26 41
66 41
-
74 7
-
22 46
-
49 15
-
81 46
-
-
150 17
129 26
-
160 9
118 47
-
-
-
-
-
177 5
42 5
123 32
94 32
-
-
123 18
-
9 14
-
-
-
-
-
-
32 2
146 29
-
194 17
-
82 11
8 29
-
-
59 10
198 34
176 37
-
15 41
68 41
100 43
40 44
115 47
-
-
163 1
110 3
24 49
empty
empty
-
-
-
189 32
7 42
155 47
-
28 39
-
180 30
empty
empty
-
-
68 22
6 49
empty
empty
empty
empty
empty
-
27 14
empty
-
63 16
-
11 14
empty
empty
empty
empty
-
164 4
empty
-
180 34
empty
-
-
-
72 3
-
-
34 23
195 32
17 37
127 44
-
127 6
-
-
12 4
53 29
empty
-
158 2
empty
empty
empty
-
60 5
empty
empty
empty
empty
empty
-
34 16
empty
empty
empty
empty
empty
-
0 3
empty
-
125 9
empty
empty
empty
-
-
-
147 6
143 8
-
94 24
-
-
34 29
-
-
-
49 6
108 7
-
-
116 17
39 20
192 36
15 37
164 41
empty
-
-
74 14
96 39
empty
-
37 49
-
-
184 5
-
124 14
-
182 0
-
72 15
-
-
192 1
137 17
138 46
-
60 15
empty
empty
empty
empty
empty
empty
empty
-
1 34
empty
empty
empty
empty
-
-
52 36
181 44
empty
empty
-
-
57 1
-
94 38
165 45
-
170 3
empty
-
173 26
empty
-
35 9
-
-
171 7
empty
-
62 32
empty
-
82 12
empty
empty
empty
empty
-
122 3
-
-
66 21
-
56 17
171 48
empty
empty
empty
empty
-
-
116 2
166 18
empty
-
-
-
198 4
-
128 14
72 15
134 22
-
-
-
86 9
-
-
-
-
147 14
140 18
-
129 22
-
156 18
-
123 22
155 26
70 33
28 43
43 47
empty
empty
-
-
136 5
117 42
-
-
153 16
-
-
-
-
142 2
137 17
-
84 22
166 24
-
73 25
-
15 27
-
136 6
-
15 5
70 44
115 46
-
-
103 24
97 35
empty
empty
-
169 34
-
186 7
-
-
151 3
115 11
empty
empty
empty
empty
-
155 34
-
-
106 16
-
85 12
59 41
empty
empty
-
126 14
-
-
-
43 45
184 45
149 49
-
-
149 7
6 18
empty
empty
empty
empty
empty
empty
empty
-
58 43
-
74 34
empty
-
111 13
-
-
-
123 6
82 12
29 26
-
-
-
73 3
-
-
58 14
-
9 20
-
-
-
22 13
-
-
-
-
-
7 7
84 13
187 21
107 22
-
57 22
150 25
-
-
71 7
68 26
-
-
130 19
-
103 4
31 29
123 32
-
130 17
30 41
23 42
-
24 10
8 46
empty
-
-
-
-
12 2
122 9
191 10
-
-
17 9
41 10
-
-
-
-
-
-
-
-
123 5
192 13
124 23
115 25
-
30 6
-
-
85 10
52 29
114 29
190 31
-
-
54 1
39 11
137 41
82 42
-
20 13
empty
empty
empty
-
-
-
16 13
51 35
72 49
empty
empty
-
72 15
empty
empty
-
-
44 3
-
-
109 7
-
-
-
-
-
168 10
96 20
151 23
64 26
169 28
116 32
-
82 26
117 45
-
-
113 26
-
-
-
70 15
-
-
120 27
-
1 15
-
131 8
-
21 34
39 42
-
-
-
122 3
-
-
89 6
49 24
126 41
181 44
8 44
6 44
empty
empty
-
-
-
-
-
-
78 7
159 12
184 17
-
75 34
-
-
-
-
130 0
-
94 23
90 28
33 35
109 36
59 36
-
175 27
-
38 3
6 39
-
125 29
127 43
empty
empty
-
-
8 36
71 41
empty
empty
empty
empty
empty
-
-
47 6
-
-
59 3
-
-
-
-
-
122 9
42 10
36 27
136 34
78 36
-
85 16
120 36
190 44
empty
empty
-
-
172 33
146 46
empty
empty
empty
empty
empty
-
-
-
-
169 0
155 4
187 14
-
138 14
-
153 44
123 49
-
109 6
empty
-
57 0
empty
empty
empty
empty
-
115 38
-
131 29
empty
empty
empty
empty
empty
empty
-
-
62 7
-
84 5
155 32
empty
-
84 3
empty
empty
empty
-
31 14
empty
empty
-
28 15
-
-
-
189 2
-
-
141 18
54 20
186 30
-
-
-
176 5
-
-
-
-
-
-
131 5
-
99 6
180 9
125 10
79 16
notinserted
73 25
169 46
-
188 45
-
-
109 23
-
135 23
112 41
-
-
-
28 24
125 30
-
-
104 22
127 22
-
57 30
67 31
110 48
-
-
2 1
170 22
empty
-
-
-
81 20
-
72 22
179 23
97 46
empty
empty
empty
empty
empty
empty
empty
-
101 12
-
32 37
empty
-
-
0 0
-
101 19
125 33
empty
empty
empty
empty
-
158 41
empty
empty
-
-
115 5
54 21
-
96 42
-
-
6 4
31 18
empty
empty
empty
-
164 24
-
127 45
empty
empty
-
-
-
-
93 29
-
-
39 0
-
-
-
70 1
91 3
-
100 30
-
179 31
167 34
190 35
34 38
152 41
-
115 15
33 45
-
176 30
empty
empty
empty
empty
empty
empty
empty
-
175 25
-
-
46 6
141 31
-
8 42
empty
empty
notupdated
-
-
18 36
65 43
-
-
-
-
30 1
22 6
133 22
-
19 26
111 32
empty
-
-
20 6
-
78 8
-
-
80 19
86 33
153 33
empty
empty
-
-
-
89 15
31 18
-
-
-
0 3
-
-
-
158 12
182 27
16 27
-
127 24
-
178 30
4 35
-
notupdated
43 43
60 47
69 49
empty
empty
empty
empty
empty
-
-
-
-
193 9
59 22
-
-
94 18
-
40 7
32 26
179 30
-
137 16
6 33
-
40 21
empty
-
179 19
-
-
-
164 10
96 16
130 29
empty
empty
empty
-
44 45
-
93 9
-
190 14
empty
empty
-
-
53 6
110 14
empty
-
-
96 5
60 14
empty
-
-
76 4
-
93 5
-
-
178 22
162 42
-
-
-
122 9
-
40 30
-
-
-
93 11
128 17
121 18
-
117 4
27 32
-
54 20
76 41
113 49
-
112 21
empty
-
-
61 1
-
83 43
86 44
-
73 12
-
137 26
empty
empty
-
44 2
empty
empty
-
-
198 22
-
145 29
141 31
-
-
-
-
-
112 0
105 15
148 18
135 26
-
76 20
118 40
-
39 11
empty
empty
empty
empty
-
154 11
empty
empty
empty
-
100 22
empty
empty
empty
-
-
99 4
-
159 12
191 42
empty
-
148 33
empty
empty
empty
empty
empty
empty
empty
empty
-
-
142 14
105 36
-
-
57 21
30 36
-
128 14
empty
empty
-
-
99 17
-
-
-
-
8 6
144 20
108 36
-
-
-
-
88 12
10 17
22 37
-
-
37 4
11 17
123 37
157 47
48 49
empty
empty
-
35 17
-
160 26
empty
-
107 4
-
138 49
empty
empty
-
-
182 44
-
138 43
161 49
empty
-
42 18
-
186 27
empty
empty
empty
empty
-
-
177 1
43 41
empty
empty
empty
-
97 16
empty
empty
empty
-
131 18
empty
-
-
76 7
-
147 9
140 40
empty
empty
empty
-
-
148 2
-
-
-
92 7
88 14
50 31
-
-
-
notupdated
-
-
175 13
-
-
94 6
-
40 22
120 24
-
136 33
-
79 6
189 36
-
168 32
155 37
183 38
148 38
191 47
-
-
167 24
-
177 23
-
-
-
117 3
173 30
171 33
103 42
empty
empty
empty
empty
empty
-
143 3
empty
empty
empty
empty
empty
empty
-
-
162 31
-
166 34
161 47
-
-
64 12
66 24
empty
-
-
150 4
-
71 28
23 48
-
-
-
77 3
-
29 14
-
141 28
56 42
-
156 21
26 47
empty
empty
empty
empty
-
98 22
empty
empty
-
-
183 9
182 19
empty
empty
empty
empty
empty
-
-
135 1
-
-
115 28
92 30
-
99 20
-
51 33
106 49
-
113 36
-
24 44
empty
-
-
32 22
-
-
181 4
117 13
61 34
empty
empty
-
notupdated
-
-
9 25
26 28
-
88 7
127 41
empty
-
119 2
empty
empty
empty
-
-
49 3
91 37
empty
-
126 19
empty
empty
-
28 26
empty
empty
empty
-
72 12
-
-
-
-
152 4
-
28 22
53 33
-
87 24
168 39
176 45
-
-
-
-
-
191 1
-
176 7
-
-
138 12
163 18
-
-
16 3
154 17
187 19
80 33
53 35
empty
empty
-
61 40
-
83 49
-
notupdated
-
notupdated
117 0
59 0
empty
empty
empty
-
-
94 2
140 20
empty
empty
-
-
25 13
-
89 10
191 23
-
-
47 32
55 43
-
-
193 15
120 49
-
171 7
empty
empty
empty
-
-
59 30
157 41
empty
-
24 48
empty
-
177 28
empty
empty
empty
-
176 4
-
106 20
notupdated
-
102 43
empty
empty
empty
empty
empty
-
105 7
empty
-
-
-
135 27
-
111 23
-
-
194 29
-
139 28
-
98 22
-
-
-
-
113 1
-
92 21
-
82 23
-
-
151 22
92 28
71 30
-
29 39
-
57 15
107 44
172 45
33 47
-
-
29 25
-
4 2
143 44
153 49
empty
empty
-
34 42
-
105 30
empty
-
71 43
empty
empty
-
notupdated
121 11
-
-
93 6
-
39 2
23 13
empty
empty
-
-
136 2
153 43
empty
empty
empty
-
64 5
empty
-
98 14
empty
empty
empty
empty
empty
-
-
0 7
-
64 7
-
59 32
136 39
-
58 27
empty
-
97 28
empty
-
150 19
empty
empty
empty
empty
empty
empty
empty
empty
empty
empty
empty
-
56 19
-
32 31
empty
-
-
-
97 12
-
64 29
44 42
-
-
189 1
91 6
29 42
-
185 14
-
93 42
-
-
1 0
7 29
empty
-
173 48
empty
empty
empty
empty
-
-
-
-
6 11
138 22
-
50 7
49 46
32 47
-
79 18
-
199 47
empty
-
116 42
notupdated
-
18 29
empty
empty
empty
-
-
28 2
-
142 25
72 45
-
-
129 30
188 31
empty
empty
-
-
-
181 27
41 34
44 44
empty
empty
-
16 8
empty
empty
empty
-
-
